0 info it worked if it ends with ok
1 verbose cli [ '/Users/heartblood/.nvm/versions/node/v7.7.4/bin/node',
1 verbose cli   '/Users/heartblood/.nvm/versions/node/v7.7.4/bin/npm',
1 verbose cli   'run',
1 verbose cli   'dev-server' ]
2 info using npm@4.1.2
3 info using node@v7.7.4
4 verbose run-script [ 'predev-server', 'dev-server', 'postdev-server' ]
5 info lifecycle react-demo@1.0.0~predev-server: react-demo@1.0.0
6 silly lifecycle react-demo@1.0.0~predev-server: no script for predev-server, continuing
7 info lifecycle react-demo@1.0.0~dev-server: react-demo@1.0.0
8 verbose lifecycle react-demo@1.0.0~dev-server: unsafe-perm in lifecycle true
9 verbose lifecycle react-demo@1.0.0~dev-server: PATH: /Users/heartblood/.nvm/versions/node/v7.7.4/lib/node_modules/npm/bin/node-gyp-bin:/Users/heartblood/Work/react/react-demo/node_modules/.bin:/usr/local/Cellar/go/1.8.3/:/usr/local/Cellar/go/1.8.3/src:/Users/heartblood/go/src/bin:/Users/heartblood/Downloads/google-cloud-sdk/bin:/Users/heartblood/.nvm/versions/node/v7.7.4/bin:/System/Library/Frameworks/Python.framework/Versions/3.4/bin:/usr/local/bin:/usr/bin:/bin:/usr/sbin:/sbin:/Users/heartblood/NVPACK/android-sdk-macosx/tools:/Users/heartblood/NVPACK/android-sdk-macosx/platform-tools:/Users/heartblood/NVPACK/android-sdk-macosx/build-tools:/Users/heartblood/NVPACK/android-sdk-macosx/extras/android/support-tools:/Users/heartblood/NVPACK/android-ndk-r10d:/Users/heartblood/NVPACK/apache-ant-1.8.2/bin:/Users/heartblood/NVPACK/gradle-2.2.1/bin
10 verbose lifecycle react-demo@1.0.0~dev-server: CWD: /Users/heartblood/Work/react/react-demo
11 silly lifecycle react-demo@1.0.0~dev-server: Args: [ '-c',
11 silly lifecycle   '  webpack-dev-server --config webpack/webpack.dev.js --devtool eval --progress --colors --content-base dev' ]
12 silly lifecycle react-demo@1.0.0~dev-server: Returned: code: 1  signal: null
13 info lifecycle react-demo@1.0.0~dev-server: Failed to exec dev-server script
14 verbose stack Error: react-demo@1.0.0 dev-server: `  webpack-dev-server --config webpack/webpack.dev.js --devtool eval --progress --colors --content-base dev`
14 verbose stack Exit status 1
14 verbose stack     at EventEmitter.<anonymous> (/Users/heartblood/.nvm/versions/node/v7.7.4/lib/node_modules/npm/lib/utils/lifecycle.js:279:16)
14 verbose stack     at emitTwo (events.js:106:13)
14 verbose stack     at EventEmitter.emit (events.js:194:7)
14 verbose stack     at ChildProcess.<anonymous> (/Users/heartblood/.nvm/versions/node/v7.7.4/lib/node_modules/npm/lib/utils/spawn.js:40:14)
14 verbose stack     at emitTwo (events.js:106:13)
14 verbose stack     at ChildProcess.emit (events.js:194:7)
14 verbose stack     at maybeClose (internal/child_process.js:899:16)
14 verbose stack     at Process.ChildProcess._handle.onexit (internal/child_process.js:226:5)
15 verbose pkgid react-demo@1.0.0
16 verbose cwd /Users/heartblood/Work/react/react-demo
17 error Darwin 16.4.0
18 error argv "/Users/heartblood/.nvm/versions/node/v7.7.4/bin/node" "/Users/heartblood/.nvm/versions/node/v7.7.4/bin/npm" "run" "dev-server"
19 error node v7.7.4
20 error npm  v4.1.2
21 error code ELIFECYCLE
22 error react-demo@1.0.0 dev-server: `  webpack-dev-server --config webpack/webpack.dev.js --devtool eval --progress --colors --content-base dev`
22 error Exit status 1
23 error Failed at the react-demo@1.0.0 dev-server script '  webpack-dev-server --config webpack/webpack.dev.js --devtool eval --progress --colors --content-base dev'.
23 error Make sure you have the latest version of node.js and npm installed.
23 error If you do, this is most likely a problem with the react-demo package,
23 error not with npm itself.
23 error Tell the author that this fails on your system:
23 error       webpack-dev-server --config webpack/webpack.dev.js --devtool eval --progress --colors --content-base dev
23 error You can get information on how to open an issue for this project with:
23 error     npm bugs react-demo
23 error Or if that isn't available, you can get their info via:
23 error     npm owner ls react-demo
23 error There is likely additional logging output above.
24 verbose exit [ 1, true ]
